<?xml version="1.0" encoding="UTF-8"?>
<!-- Generated by org.testng.reporters.JUnitReportReporter -->
<testsuite hostname="WIN-251I7G81T1F" failures="0" tests="1" name="testCases.TC002_LoginTest" time="1.617" errors="0" timestamp="2025-02-11T19:17:59 GMT" skipped="0">
  <testcase classname="testCases.TC002_LoginTest" name="loginTest" time="1.617"/>
</testsuite> <!-- testCases.TC002_LoginTest -->
