<?xml version="1.0" encoding="UTF-8"?>
<!-- Generated by org.testng.reporters.JUnitReportReporter -->
<testsuite hostname="WIN-251I7G81T1F" failures="0" tests="3" name="testCases.TC001_AccountRegistrationTest" time="10.451" errors="0" timestamp="2025-02-11T19:12:22 GMT" skipped="0">
  <testcase classname="testCases.TC001_AccountRegistrationTest" name="registrationTest" time="3.541"/>
  <testcase classname="testCases.TC001_AccountRegistrationTest" name="registrationTest" time="2.638"/>
  <testcase classname="testCases.TC001_AccountRegistrationTest" name="registrationTest" time="4.272"/>
</testsuite> <!-- testCases.TC001_AccountRegistrationTest -->
